C:\Microsemi\Libero_v11.5\Synopsys\synplify_I201403MSP1\bin64\c_ver.exe  -osyn  "C:\Users\Casey\Documents\Libero Projects\ECE 5780\Lab3\synthesis\synwork\Lab3_comp.srs"  -top  Lab3  -prodtype  synplify_pro  -nram -fixsmult -divnmod   -I "C:\Users\Casey\Documents\Libero Projects\ECE 5780\Lab3\synthesis\"  -I C:\Microsemi\Libero_v11.5\Synopsys\synplify_I201403MSP1\lib   -v2001  -devicelib  C:\Microsemi\Libero_v11.5\Synopsys\synplify_I201403MSP1\lib\proasic\smartfusion.v  -encrypt  -pro  -dmgen  "C:\Users\Casey\Documents\Libero Projects\ECE 5780\Lab3\synthesis\dm"  -ui -fid2 -ram -sharing on -ll 2000 -autosm  -lib work "C:\Users\Casey\Documents\Libero Projects\ECE 5780\Lab3\component\work\Lab3_MSS\mss_tshell.v" -lib work "C:\Users\Casey\Documents\Libero Projects\ECE 5780\Lab3\component\Actel\SmartFusionMSS\MSS\2.5.106\mss_comps.v" -lib work "C:\Users\Casey\Documents\Libero Projects\ECE 5780\Lab3\component\work\Lab3_MSS\MSS_CCC_0\Lab3_MSS_tmp_MSS_CCC_0_MSS_CCC.v" -lib work "C:\Users\Casey\Documents\Libero Projects\ECE 5780\Lab3\component\work\Lab3_MSS\Lab3_MSS.v" -lib work "C:\Users\Casey\Documents\Libero Projects\ECE 5780\Lab3\hdl\ledreg.v" -lib work "C:\Users\Casey\Documents\Libero Projects\ECE 5780\Lab3\hdl\ledregwrp.v" -lib work "C:\Users\Casey\Documents\Libero Projects\ECE 5780\Lab3\hdl\mydecoder.v" -lib work "C:\Users\Casey\Documents\Libero Projects\ECE 5780\Lab3\hdl\roreg.v" -lib work "C:\Users\Casey\Documents\Libero Projects\ECE 5780\Lab3\hdl\roregwrp.v" -lib work "C:\Users\Casey\Documents\Libero Projects\ECE 5780\Lab3\hdl\swreg.v" -lib work "C:\Users\Casey\Documents\Libero Projects\ECE 5780\Lab3\hdl\swregwrp.v" -lib work "C:\Users\Casey\Documents\Libero Projects\ECE 5780\Lab3\hdl\woreg.v" -lib work "C:\Users\Casey\Documents\Libero Projects\ECE 5780\Lab3\hdl\woregwrp.v" -lib COREAPB3_LIB "C:\Users\Casey\Documents\Libero Projects\ECE 5780\Lab3\component\Actel\DirectCore\CoreAPB3\4.0.100\rtl\vlog\core_obfuscated\coreapb3_muxptob3.v" -lib COREAPB3_LIB "C:\Users\Casey\Documents\Libero Projects\ECE 5780\Lab3\component\Actel\DirectCore\CoreAPB3\4.0.100\rtl\vlog\core_obfuscated\coreapb3_iaddr_reg.v" -lib COREAPB3_LIB "C:\Users\Casey\Documents\Libero Projects\ECE 5780\Lab3\component\Actel\DirectCore\CoreAPB3\4.0.100\rtl\vlog\core_obfuscated\coreapb3.v" -lib work "C:\Users\Casey\Documents\Libero Projects\ECE 5780\Lab3\component\work\Lab3\Lab3.v"  -log  "C:\Users\Casey\Documents\Libero Projects\ECE 5780\Lab3\synthesis\synlog\Lab3_compiler.srr" 
rc:1 success:1
C:\Users\Casey\Documents\Libero Projects\ECE 5780\Lab3\synthesis\synwork\Lab3_comp.srs|o|1423899420|54785
C:\Microsemi\Libero_v11.5\Synopsys\synplify_I201403MSP1\lib\proasic\smartfusion.v|i|1412958462|72817
"C:\Users\Casey\Documents\Libero|i|0|0
Projects\ECE|i|0|0
5780\Lab3\component\work\Lab3_MSS\mss_tshell.v"|i|0|0
"C:\Users\Casey\Documents\Libero|i|0|0
Projects\ECE|i|0|0
5780\Lab3\component\Actel\SmartFusionMSS\MSS\2.5.106\mss_comps.v"|i|0|0
"C:\Users\Casey\Documents\Libero|i|0|0
Projects\ECE|i|0|0
5780\Lab3\component\work\Lab3_MSS\MSS_CCC_0\Lab3_MSS_tmp_MSS_CCC_0_MSS_CCC.v"|i|0|0
"C:\Users\Casey\Documents\Libero|i|0|0
Projects\ECE|i|0|0
5780\Lab3\component\work\Lab3_MSS\Lab3_MSS.v"|i|0|0
"C:\Users\Casey\Documents\Libero|i|0|0
Projects\ECE|i|0|0
5780\Lab3\hdl\ledreg.v"|i|0|0
"C:\Users\Casey\Documents\Libero|i|0|0
Projects\ECE|i|0|0
5780\Lab3\hdl\ledregwrp.v"|i|0|0
"C:\Users\Casey\Documents\Libero|i|0|0
Projects\ECE|i|0|0
5780\Lab3\hdl\mydecoder.v"|i|0|0
"C:\Users\Casey\Documents\Libero|i|0|0
Projects\ECE|i|0|0
5780\Lab3\hdl\roreg.v"|i|0|0
"C:\Users\Casey\Documents\Libero|i|0|0
Projects\ECE|i|0|0
5780\Lab3\hdl\roregwrp.v"|i|0|0
"C:\Users\Casey\Documents\Libero|i|0|0
Projects\ECE|i|0|0
5780\Lab3\hdl\swreg.v"|i|0|0
"C:\Users\Casey\Documents\Libero|i|0|0
Projects\ECE|i|0|0
5780\Lab3\hdl\swregwrp.v"|i|0|0
"C:\Users\Casey\Documents\Libero|i|0|0
Projects\ECE|i|0|0
5780\Lab3\hdl\woreg.v"|i|0|0
"C:\Users\Casey\Documents\Libero|i|0|0
Projects\ECE|i|0|0
5780\Lab3\hdl\woregwrp.v"|i|0|0
"C:\Users\Casey\Documents\Libero|i|0|0
Projects\ECE|i|0|0
5780\Lab3\component\Actel\DirectCore\CoreAPB3\4.0.100\rtl\vlog\core_obfuscated\coreapb3_muxptob3.v"|i|0|0
"C:\Users\Casey\Documents\Libero|i|0|0
Projects\ECE|i|0|0
5780\Lab3\component\Actel\DirectCore\CoreAPB3\4.0.100\rtl\vlog\core_obfuscated\coreapb3_iaddr_reg.v"|i|0|0
"C:\Users\Casey\Documents\Libero|i|0|0
Projects\ECE|i|0|0
5780\Lab3\component\Actel\DirectCore\CoreAPB3\4.0.100\rtl\vlog\core_obfuscated\coreapb3.v"|i|0|0
"C:\Users\Casey\Documents\Libero|i|0|0
Projects\ECE|i|0|0
5780\Lab3\component\work\Lab3\Lab3.v"|i|0|0
C:\Users\Casey\Documents\Libero Projects\ECE 5780\Lab3\synthesis\synlog\Lab3_compiler.srr|o|1423899420|20456
C:\Microsemi\Libero_v11.5\Synopsys\synplify_I201403MSP1\bin\c_ver.exe|i|1412914376|2306560
C:\Microsemi\Libero_v11.5\Synopsys\synplify_I201403MSP1\bin64\c_ver.exe|i|1412914578|5845504
