Microsemi Libero Software
Version: 11.5.0.26
Release: v11.5

Info: The design Lab3.adb was last modified by software version 11.5.0.26.
Opened an existing Libero design Lab3.adb.
'BA_NAME' set to 'Lab3_ba'
'IDE_DESIGNERVIEW_NAME' set to 'Impl1'
'IDE_DESIGNERVIEW_COUNT' set to '1'
'IDE_DESIGNERVIEW_REV0' set to 'Impl1'
'IDE_DESIGNERVIEW_REVNUM0' set to '1'
'IDE_DESIGNERVIEW_ROOTDIR' set to 'C:\Users\Casey\Documents\Libero Projects\ECE
5780\Lab3\designer'
'IDE_DESIGNERVIEW_LASTREV' set to '1'
Wrote timing report to file: Lab3_maxdelay_timing_report.txt

The Report command succeeded ( 00:00:02 )
Wrote timing report to file: Lab3_mindelay_timing_report.txt

The Report command succeeded ( 00:00:00 )
Wrote timing_violations report to file: Lab3_maxdelay_timingviolations_report.txt

The Report command succeeded ( 00:00:00 )
Wrote timing_violations report to file: Lab3_mindelay_timingviolations_report.txt

The Report command succeeded ( 00:00:00 )
Design saved to file C:\Users\Casey\Documents\Libero Projects\ECE
5780\Lab3\designer\impl1\Lab3.adb.

The Execute Script command succeeded ( 00:00:03 )
Design closed.

