Microsemi Libero Software
Version: 11.5.0.26
Release: v11.5

Info: The design swregwrp.adb was last modified by software version 11.5.0.26.
Opened an existing Libero design swregwrp.adb.
'BA_NAME' set to 'swregwrp_ba'
'IDE_DESIGNERVIEW_NAME' set to 'Impl1'
'IDE_DESIGNERVIEW_COUNT' set to '1'
'IDE_DESIGNERVIEW_REV0' set to 'Impl1'
'IDE_DESIGNERVIEW_REVNUM0' set to '1'
'IDE_DESIGNERVIEW_ROOTDIR' set to 'C:\Users\Casey\Documents\Libero Projects\ECE
5780\Lab3\designer'
'IDE_DESIGNERVIEW_LASTREV' set to '1'

 Netlist Reading Time = 0.0 seconds
Imported the file:
   C:\Users\Casey\Documents\Libero Projects\ECE 5780\Lab3\synthesis\swregwrp.edn

The Import command succeeded ( 00:00:04 )
=====================================================================
Parameters used to run compile:
===============================

Family      : SmartFusion
Device      : A2F200M3F
Package     : 484 FBGA
Source      : C:\Users\Casey\Documents\Libero Projects\ECE 5780\Lab3\synthesis\swregwrp.edn
Format      : EDIF
Topcell     : swregwrp
Speed grade : -1
Temp        : 0:25:85
Voltage     : 1.58:1.50:1.42

Keep Existing Physical Constraints : No
Keep Existing Timing Constraints   : Yes

pdc_abort_on_error                 : Yes
pdc_eco_display_unmatched_objects  : No
pdc_eco_max_warnings               : 10000

demote_globals                     : No
promote_globals                    : No
localclock_max_shared_instances    : 12
localclock_buffer_tree_max_fanout  : 12

combine_register                   : No
delete_buffer_tree                 : No

report_high_fanout_nets_limit      : 10

=====================================================================
Compile starts ...

Warning: Top level port PWDATA<7> is not connected to any IO pad
Warning: Top level port PWDATA<6> is not connected to any IO pad
Warning: Top level port PWDATA<5> is not connected to any IO pad
Warning: Top level port PWDATA<4> is not connected to any IO pad
Warning: Top level port PWDATA<3> is not connected to any IO pad
Warning: Top level port PWDATA<2> is not connected to any IO pad
Warning: Top level port PWDATA<1> is not connected to any IO pad
Warning: Top level port PWDATA<0> is not connected to any IO pad

Netlist Optimization Report
===========================

Optimized macros:
  - Dangling net drivers:   0
  - Buffers:                0
  - Inverters:              0
  - Tieoff:                 0
  - Logic combining:        0

    Total macros optimized  0

Warning: CMP503: Remapped 2 enable flip-flop(s) to a 2-tile implementation because the CLR/PRE
         pin on the enable flip-flop is not being driven by a global net.

There were 0 error(s) and 9 warning(s) in this design.
=====================================================================

Reading previous post-compile physical placement constraints.


There were 0 error(s) and 0 warning(s).

=====================================================================
Compile report:
===============

    Microcontroller Subsystem  Used:      0  Total:      1   (0.00%)
    Fabric                     Used:      5  Total:   4608   (0.11%)
    Fabric IO (W/ clocks)      Used:     22  Total:     94   (23.40%)
    Fabric Differential IO     Used:      0  Total:     47   (0.00%)
    Dedicated Analog IO        Used:      0  Total:     32   (0.00%)
    Dedicated MSS IO           Used:      0  Total:     43   (0.00%)
    GLOBAL (Chip+Quadrant)     Used:      1  Total:     15   (6.67%)
    MSS GLOBAL                 Used:      0  Total:      3   (0.00%)
    On-chip RC oscillator      Used:      0  Total:      1   (0.00%)
    Main Crystal oscillator    Used:      0  Total:      1   (0.00%)
    32 KHz Crystal oscillator  Used:      0  Total:      1   (0.00%)
    RAM/FIFO                   Used:      0  Total:      8   (0.00%)
    User JTAG                  Used:      0  Total:      1   (0.00%)

Global Information:

    Type            | Used   | Total
    ----------------|--------|--------------
    Chip global     | 1      | 3  (33.33%)*
    Quadrant global | 0      | 12 (0.00%)
    MSS global      | 0      | 3  (0.00%)

    (*) Chip globals may be assigned to Quadrant globals using the Multi-View Navigator (MVN)
        or Physical Design Constraints (PDC).
        They may also be assigned to Quadrant globals automatically during Layout.

Core Information:

    Type    | Instances    | Core tiles
    --------|--------------|-----------
    COMB    | 3            | 3
    SEQ     | 2            | 2

I/O Function:

    Type                                  | w/o register  | w/ register  | w/ DDR register
    --------------------------------------|---------------|--------------|----------------
    Input I/O                             | 7             | 0            | 0
    Output I/O                            | 15            | 0            | 0
    Bidirectional I/O                     | 0             | 0            | 0
    Differential Input I/O Pairs          | 0             | 0            | 0
    Differential Output I/O Pairs         | 0             | 0            | 0

I/O Technology:

                                    |   Voltages    |             I/Os
    --------------------------------|-------|-------|-------|--------|--------------
    I/O Standard(s)                 | Vcci  | Vref  | Input | Output | Bidirectional
    --------------------------------|-------|-------|-------|--------|--------------
    LVTTL                           | 3.30v | N/A   | 7     | 15     | 0

I/O Placement:

    Locked  :   0
    Placed  :   0
    UnPlaced:  22 ( 100.00% )

Net information report:
=======================

The following nets drive enable flip-flops that have been remapped to a 2-tile implementation:
    EffCnt  Type          Name
    --------------------------
    2       SET/RESET_NET Net   : PRESERN_c
                          Driver: PRESERN_pad

The following nets have been assigned to a chip global resource:
    Fanout  Type          Name
    --------------------------
    3       INT_NET       Net   : PCLK_c_c
                          Driver: PCLK_pad
                          Source: NETLIST

High fanout nets in the post compile netlist:
    Fanout  Type          Name
    --------------------------
    2       INT_NET       Net   : rd_enable
                          Driver: PWRITE_pad_RNINCAD
    2       SET/RESET_NET Net   : PRESERN_c
                          Driver: PRESERN_pad
    2       INT_NET       Net   : PRDATA_c[0]
                          Driver: swreg_0/data_out_1[0]/U1
    2       INT_NET       Net   : PRDATA_c[1]
                          Driver: swreg_0/data_out_1[1]/U1
    2       INT_NET       Net   : TPS_c_c[1]
                          Driver: PWRITE_pad
    2       INT_NET       Net   : PSEL_c_c
                          Driver: PSEL_pad
    1       INT_NET       Net   : SWCON_c[0]
                          Driver: SWCON_pad[0]
    1       INT_NET       Net   : SWCON_c[1]
                          Driver: SWCON_pad[1]
    1       INT_NET       Net   : TPS_c_c[3]
                          Driver: PENABLE_pad
    1       INT_NET       Net   : swreg_0/data_out_1[1]/Y
                          Driver: swreg_0/data_out_1[1]/U0

Nets that are candidates for clock assignment and the resulting fanout:
    Fanout  Type          Name
    --------------------------
    2       INT_NET       Net   : rd_enable
                          Driver: PWRITE_pad_RNINCAD
    2       SET/RESET_NET Net   : PRESERN_c
                          Driver: PRESERN_pad
    2       INT_NET       Net   : PRDATA_c[0]
                          Driver: swreg_0/data_out_1[0]/U1
    2       INT_NET       Net   : PRDATA_c[1]
                          Driver: swreg_0/data_out_1[1]/U1
    2       INT_NET       Net   : TPS_c_c[1]
                          Driver: PWRITE_pad
    2       INT_NET       Net   : PSEL_c_c
                          Driver: PSEL_pad
    1       INT_NET       Net   : SWCON_c[0]
                          Driver: SWCON_pad[0]
    1       INT_NET       Net   : SWCON_c[1]
                          Driver: SWCON_pad[1]
    1       INT_NET       Net   : TPS_c_c[3]
                          Driver: PENABLE_pad
    1       INT_NET       Net   : swreg_0/data_out_1[1]/Y
                          Driver: swreg_0/data_out_1[1]/U0

The Compile command succeeded ( 00:00:03 )
Wrote status report to file: swregwrp_compile_report.txt

The Report command succeeded ( 00:00:00 )
Wrote pin report to file: swregwrp_report_pin_byname.txt

The Report command succeeded ( 00:00:01 )
Wrote pin report to file: swregwrp_report_pin_bynumber.txt

The Report command succeeded ( 00:00:01 )
Design saved to file C:\Users\Casey\Documents\Libero Projects\ECE
5780\Lab3\designer\impl1\swregwrp.adb.

The Execute Script command succeeded ( 00:00:11 )
Design closed.

