Target Part: A2F200M3F_FBGA484_-1
Report for cell lab4.verilog
  Core Cell usage:
              cell count     area count*area
               GND    10      0.0        0.0
               INV     2      1.0        2.0
           MSS_APB     1      0.0        0.0
           MSS_CCC     1      0.0        0.0
               MX2     7      1.0        7.0
              MX2B     8      1.0        8.0
              NOR2     5      1.0        5.0
             NOR2A     2      1.0        2.0
             NOR2B    12      1.0       12.0
             NOR3A     2      1.0        2.0
             NOR3C     5      1.0        5.0
               OA1     1      1.0        1.0
              OA1C     5      1.0        5.0
              OAI1     2      1.0        2.0
               OR2     2      1.0        2.0
              OR2A     8      1.0        8.0
              OR2B     8      1.0        8.0
               OR3     6      1.0        6.0
              OR3A     5      1.0        5.0
              OR3B     8      1.0        8.0
              OR3C     2      1.0        2.0
             RCOSC     1      0.0        0.0
               VCC    10      0.0        0.0
              XA1B     2      1.0        2.0
              XA1C     5      1.0        5.0
             XAI1A     4      1.0        4.0
               XO1     6      1.0        6.0


              DFN1    20      1.0       20.0
            DFN1C0     4      1.0        4.0
            DFN1E0     3      1.0        3.0
            DFN1E1    12      1.0       12.0
            DFN1P0     2      1.0        2.0
                   -----          ----------
             TOTAL   171               148.0


  IO Cell usage:
              cell count
             INBUF     2
         INBUF_MSS     2
            OUTBUF     8
        OUTBUF_MSS     1
                   -----
             TOTAL    13


Core Cells         : 148 of 4608 (3%)
IO Cells           : 13

  RAM/ROM Usage Summary
Block Rams : 0 of 8 (0%)

