
Starting:    C:\Microsemi\Libero_v10.1\Synopsys\synplify_F201203MSP1\win64\mbin\synbatch.exe
Install:     C:\Microsemi\Libero_v10.1\Synopsys\synplify_F201203MSP1
Date:        Sun Feb 08 20:54:36 2015
Version:     F-2012.03M-SP1 

Arguments:   -product synplify_pro  -licensetype synplifypro_actel -batch -log synplify.log lab3_syn.tcl
ProductType: synplify_pro

License checkout: synplifypro_actel
License: synplifypro_actel node-locked 
Licensed Vendor: actel
License Feature: actel_oem

Running in Vendor Mode



log file: "C:\Users\Kyler\Dropbox\ECE 5780\Lab3\Lab3\synthesis\lab3.srr"


Running lab3_syn|synthesis

Running Compile on lab3_syn|synthesis

Running Compile Process on lab3_syn|synthesis

Running Compile Input on lab3_syn|synthesis

Copied C:\Users\Kyler\Dropbox\ECE 5780\Lab3\Lab3\synthesis\synwork\lab3_compiler.srs to C:\Users\Kyler\Dropbox\ECE 5780\Lab3\Lab3\synthesis\lab3.srs

compiler Completed with warnings
Return Code: 1
Run Time:0h:00m:03s


Job Compile Process completed on lab3_syn|synthesis

Running Premap on lab3_syn|synthesis

premap Completed
Return Code: 0
Run Time:0h:00m:02s


Job Compile completed on lab3_syn|synthesis

Running Map on lab3_syn|synthesis

Running Map & Optimize on lab3_syn|synthesis

fpga_mapper Completed with warnings
Return Code: 1
Run Time:0h:00m:03s


Job Map completed on lab3_syn|synthesis

Job Logic Synthesis completed on lab3_syn|synthesis

TCL script complete: "lab3_syn.tcl"

exit status=0


